[2025-07-23 22:25:10] Program started (PID: 34416)
[2025-07-23 22:25:10] Running in CLI and file mode (PID: 34416)
[2025-07-23 22:25:10] Initialized initial_file_processed_lines to 28 (PID: 34416)
[2025-07-23 22:25:10] Executing system command (PID: 34416)
[2025-07-23 22:25:10] System command './+x/director.+x show' returned 32512 (PID: 34416)
[2025-07-23 22:25:10] Opening action_output.txt (PID: 34416)
[2025-07-23 22:25:10] Failed to open output file (PID: 34416)
[2025-07-23 22:25:10] Reading index command (PID: 34416)
[2025-07-23 22:25:10] Initialized file_processed_lines to 28 on first call (PID: 34416)
[2025-07-23 22:28:13] Program started (PID: 34573)
[2025-07-23 22:28:13] Running in CLI and file mode (PID: 34573)
[2025-07-23 22:28:13] Initialized initial_file_processed_lines to 28 (PID: 34573)
[2025-07-23 22:28:13] Executing system command (PID: 34573)
[2025-07-23 22:28:13] System command './+x/director.+x show' returned 32512 (PID: 34573)
[2025-07-23 22:28:13] Opening action_output.txt (PID: 34573)
[2025-07-23 22:28:13] Failed to open output file (PID: 34573)
[2025-07-23 22:28:13] Reading index command (PID: 34573)
[2025-07-23 22:28:13] Initialized file_processed_lines to 28 on first call (PID: 34573)
[2025-07-23 22:29:00] Program started (PID: 34664)
[2025-07-23 22:29:00] Running in CLI and file mode (PID: 34664)
[2025-07-23 22:29:00] Initialized initial_file_processed_lines to 28 (PID: 34664)
[2025-07-23 22:29:00] Executing system command (PID: 34664)
[2025-07-23 22:29:00] Loaded +x modules (PID: 34670)
[2025-07-23 22:29:00] Wrote module list to output file (PID: 34670)
[2025-07-23 22:29:00] System command './+x/director.+x show' returned 0 (PID: 34664)
[2025-07-23 22:29:00] Opening action_output.txt (PID: 34664)
[2025-07-23 22:29:00] Closed action_output.txt (PID: 34664)
[2025-07-23 22:29:00] Reading index command (PID: 34664)
[2025-07-23 22:29:00] Initialized file_processed_lines to 28 on first call (PID: 34664)
[2025-07-23 22:29:07] Ctrl+C received in CLI mode (PID: 34664)
[2025-07-23 22:29:07] Ctrl+C detected in file mode (PID: 34664)
[2025-07-23 22:29:07] Exiting via Ctrl+C (PID: 34664)
[2025-07-23 22:31:08] Program started (PID: 34780)
[2025-07-23 22:31:08] Running in CLI and file mode (PID: 34780)
[2025-07-23 22:31:08] Initialized initial_file_processed_lines to 29 (PID: 34780)
[2025-07-23 22:31:08] Executing system command (PID: 34780)
[2025-07-23 22:31:08] Loaded +x modules (PID: 34801)
[2025-07-23 22:31:08] Wrote module list to output file (PID: 34801)
[2025-07-23 22:31:08] System command './+x/director.+x show' returned 0 (PID: 34780)
[2025-07-23 22:31:08] Opening action_output.txt (PID: 34780)
[2025-07-23 22:31:08] Closed action_output.txt (PID: 34780)
[2025-07-23 22:31:08] Reading index command (PID: 34780)
[2025-07-23 22:31:08] Initialized file_processed_lines to 29 on first call (PID: 34780)
[2025-07-23 22:31:25] Ctrl+C received in CLI mode (PID: 34780)
[2025-07-23 22:31:25] Ctrl+C detected in file mode (PID: 34780)
[2025-07-23 22:31:25] Exiting via Ctrl+C (PID: 34780)
[2025-07-23 22:40:45] Program started (PID: 35364)
[2025-07-23 22:40:45] Running in CLI and file mode (PID: 35364)
[2025-07-23 22:40:45] Initialized initial_file_processed_lines to 30 (PID: 35364)
[2025-07-23 22:40:45] Executing system command (PID: 35364)
[2025-07-23 22:40:45] Loaded +x modules (PID: 35369)
[2025-07-23 22:40:45] Wrote module list to output file (PID: 35369)
[2025-07-23 22:40:45] System command './+x/director.+x show' returned 0 (PID: 35364)
[2025-07-23 22:40:45] Opening action_output.txt (PID: 35364)
[2025-07-23 22:40:45] Closed action_output.txt (PID: 35364)
[2025-07-23 22:40:45] Reading index command (PID: 35364)
[2025-07-23 22:40:45] Initialized file_processed_lines to 30 on first call (PID: 35364)
[2025-07-23 22:40:47] Ctrl+C received in CLI mode (PID: 35364)
[2025-07-23 22:40:47] Ctrl+C detected in file mode (PID: 35364)
[2025-07-23 22:40:47] Exiting via Ctrl+C (PID: 35364)
[2025-07-23 22:41:03] Program started (PID: 35382)
[2025-07-23 22:41:03] Running in CLI and file mode (PID: 35382)
[2025-07-23 22:41:03] Initialized initial_file_processed_lines to 31 (PID: 35382)
[2025-07-23 22:41:03] Executing system command (PID: 35382)
[2025-07-23 22:41:03] Loaded +x modules (PID: 35387)
[2025-07-23 22:41:03] Wrote module list to output file (PID: 35387)
[2025-07-23 22:41:03] System command './+x/director.+x show' returned 0 (PID: 35382)
[2025-07-23 22:41:03] Opening action_output.txt (PID: 35382)
[2025-07-23 22:41:03] Closed action_output.txt (PID: 35382)
[2025-07-23 22:41:03] Reading index command (PID: 35382)
[2025-07-23 22:41:03] Initialized file_processed_lines to 31 on first call (PID: 35382)
[2025-07-23 22:41:04] Ctrl+C received in CLI mode (PID: 35382)
[2025-07-23 22:41:04] Ctrl+C detected in file mode (PID: 35382)
[2025-07-23 22:41:04] Exiting via Ctrl+C (PID: 35382)
[2025-07-23 22:41:17] Program started (PID: 35407)
[2025-07-23 22:41:17] Running in CLI and file mode (PID: 35407)
[2025-07-23 22:41:17] Initialized initial_file_processed_lines to 32 (PID: 35407)
[2025-07-23 22:41:17] Executing system command (PID: 35407)
[2025-07-23 22:41:17] Loaded +x modules (PID: 35412)
[2025-07-23 22:41:17] Wrote module list to output file (PID: 35412)
[2025-07-23 22:41:17] System command './+x/director.+x show' returned 0 (PID: 35407)
[2025-07-23 22:41:17] Opening action_output.txt (PID: 35407)
[2025-07-23 22:41:17] Closed action_output.txt (PID: 35407)
[2025-07-23 22:41:17] Reading index command (PID: 35407)
[2025-07-23 22:41:17] Initialized file_processed_lines to 32 on first call (PID: 35407)
[2025-07-23 22:41:31] Ctrl+C received in CLI mode (PID: 35407)
[2025-07-23 22:41:31] Ctrl+C detected in file mode (PID: 35407)
[2025-07-23 22:41:31] Exiting via Ctrl+C (PID: 35407)
[2025-07-23 22:45:13] Program started (PID: 35555)
[2025-07-23 22:45:13] Running in CLI and file mode (PID: 35555)
[2025-07-23 22:45:13] Initialized initial_file_processed_lines to 33 (PID: 35555)
[2025-07-23 22:45:13] Executing system command (PID: 35555)
[2025-07-23 22:45:13] Loaded +x modules (PID: 35560)
[2025-07-23 22:45:13] Wrote module list to output file (PID: 35560)
[2025-07-23 22:45:13] System command './+x/director.+x show' returned 0 (PID: 35555)
[2025-07-23 22:45:13] Opening action_output.txt (PID: 35555)
[2025-07-23 22:45:13] Closed action_output.txt (PID: 35555)
[2025-07-23 22:45:13] Reading index command (PID: 35555)
[2025-07-23 22:45:13] Initialized file_processed_lines to 33 on first call (PID: 35555)
[2025-07-23 22:45:23] Ctrl+C received in CLI mode (PID: 35555)
[2025-07-23 22:45:24] Ctrl+C detected in file mode (PID: 35555)
[2025-07-23 22:45:24] Exiting via Ctrl+C (PID: 35555)
[2025-07-23 22:45:34] Program started (PID: 35587)
[2025-07-23 22:45:34] Running in CLI and file mode (PID: 35587)
[2025-07-23 22:45:34] Initialized initial_file_processed_lines to 34 (PID: 35587)
[2025-07-23 22:45:34] Executing system command (PID: 35587)
[2025-07-23 22:45:34] Loaded +x modules (PID: 35592)
[2025-07-23 22:45:34] Wrote module list to output file (PID: 35592)
[2025-07-23 22:45:34] System command './+x/director.+x show' returned 0 (PID: 35587)
[2025-07-23 22:45:34] Opening action_output.txt (PID: 35587)
[2025-07-23 22:45:34] Closed action_output.txt (PID: 35587)
[2025-07-23 22:45:34] Reading index command (PID: 35587)
[2025-07-23 22:45:34] Initialized file_processed_lines to 34 on first call (PID: 35587)
[2025-07-23 22:45:56] Ctrl+C received in CLI mode (PID: 35587)
[2025-07-23 22:45:57] Ctrl+C detected in file mode (PID: 35587)
[2025-07-23 22:45:57] Exiting via Ctrl+C (PID: 35587)
[2025-07-23 22:48:59] Program started (PID: 35731)
[2025-07-23 22:48:59] Running in CLI and file mode (PID: 35731)
[2025-07-23 22:48:59] Initialized initial_file_processed_lines to 35 (PID: 35731)
[2025-07-23 22:48:59] Executing system command (PID: 35731)
[2025-07-23 22:48:59] Loaded +x modules (PID: 35735)
[2025-07-23 22:48:59] Wrote module list to output file (PID: 35735)
[2025-07-23 22:48:59] System command './+x/director.+x show' returned 0 (PID: 35731)
[2025-07-23 22:48:59] Opening action_output.txt (PID: 35731)
[2025-07-23 22:48:59] Closed action_output.txt (PID: 35731)
[2025-07-23 22:48:59] Reading index command (PID: 35731)
[2025-07-23 22:48:59] Initialized file_processed_lines to 35 on first call (PID: 35731)
[2025-07-23 22:49:03] Ctrl+C received in CLI mode (PID: 35731)
[2025-07-23 22:49:04] Ctrl+C detected in file mode (PID: 35731)
[2025-07-23 22:49:04] Exiting via Ctrl+C (PID: 35731)
[2025-07-23 22:49:12] Program started (PID: 35764)
[2025-07-23 22:49:12] Running in CLI and file mode (PID: 35764)
[2025-07-23 22:49:12] Initialized initial_file_processed_lines to 36 (PID: 35764)
[2025-07-23 22:49:12] Executing system command (PID: 35764)
[2025-07-23 22:49:12] Loaded +x modules (PID: 35768)
[2025-07-23 22:49:12] Wrote module list to output file (PID: 35768)
[2025-07-23 22:49:12] System command './+x/director.+x show' returned 0 (PID: 35764)
[2025-07-23 22:49:12] Opening action_output.txt (PID: 35764)
[2025-07-23 22:49:12] Closed action_output.txt (PID: 35764)
[2025-07-23 22:49:12] Reading index command (PID: 35764)
[2025-07-23 22:49:12] Initialized file_processed_lines to 36 on first call (PID: 35764)
[2025-07-23 22:49:34] Ctrl+C received in CLI mode (PID: 35764)
[2025-07-23 22:49:34] Ctrl+C detected in file mode (PID: 35764)
[2025-07-23 22:49:34] Exiting via Ctrl+C (PID: 35764)
[2025-07-23 22:49:56] Program started (PID: 35801)
[2025-07-23 22:49:56] Running in CLI and file mode (PID: 35801)
[2025-07-23 22:49:56] Initialized initial_file_processed_lines to 37 (PID: 35801)
[2025-07-23 22:49:56] Executing system command (PID: 35801)
[2025-07-23 22:49:56] Loaded +x modules (PID: 35807)
[2025-07-23 22:49:56] Wrote module list to output file (PID: 35807)
[2025-07-23 22:49:56] System command './+x/director.+x show' returned 0 (PID: 35801)
[2025-07-23 22:49:56] Opening action_output.txt (PID: 35801)
[2025-07-23 22:49:56] Closed action_output.txt (PID: 35801)
[2025-07-23 22:49:56] Reading index command (PID: 35801)
[2025-07-23 22:49:56] Initialized file_processed_lines to 37 on first call (PID: 35801)
[2025-07-23 22:50:21] Ctrl+C received in CLI mode (PID: 35801)
[2025-07-23 22:50:21] Ctrl+C received in CLI mode (PID: 35801)
[2025-07-23 22:50:21] Ctrl+C received in CLI mode (PID: 35801)
[2025-07-23 22:50:21] Ctrl+C received in CLI mode (PID: 35801)
[2025-07-23 22:50:21] Ctrl+C received in CLI mode (PID: 35801)
[2025-07-23 22:50:22] Ctrl+C received in CLI mode (PID: 35801)
[2025-07-23 22:50:22] Ctrl+C received in CLI mode (PID: 35801)
[2025-07-23 22:50:22] Ctrl+C received in CLI mode (PID: 35801)
[2025-07-23 22:50:22] Ctrl+C received in CLI mode (PID: 35801)
[2025-07-23 22:50:22] Ctrl+C detected in file mode (PID: 35801)
[2025-07-23 22:50:22] Exiting via Ctrl+C (PID: 35801)
[2025-07-23 22:51:20] Program started (PID: 35859)
[2025-07-23 22:51:20] Running in CLI and file mode (PID: 35859)
[2025-07-23 22:51:20] Initialized initial_file_processed_lines to 46 (PID: 35859)
[2025-07-23 22:51:20] Executing system command (PID: 35859)
[2025-07-23 22:51:20] Loaded +x modules (PID: 35864)
[2025-07-23 22:51:20] Wrote module list to output file (PID: 35864)
[2025-07-23 22:51:20] System command './+x/director.+x show' returned 0 (PID: 35859)
[2025-07-23 22:51:20] Opening action_output.txt (PID: 35859)
[2025-07-23 22:51:20] Closed action_output.txt (PID: 35859)
[2025-07-23 22:51:20] Reading index command (PID: 35859)
[2025-07-23 22:51:20] Initialized file_processed_lines to 46 on first call (PID: 35859)
[2025-07-23 22:51:22] Ctrl+C received in CLI mode (PID: 35859)
[2025-07-23 22:51:22] Ctrl+C detected in file mode (PID: 35859)
[2025-07-23 22:51:22] Exiting via Ctrl+C (PID: 35859)
[2025-07-23 22:51:39] Program started (PID: 35893)
[2025-07-23 22:51:39] Running in CLI and file mode (PID: 35893)
[2025-07-23 22:51:39] Initialized initial_file_processed_lines to 47 (PID: 35893)
[2025-07-23 22:51:39] Executing system command (PID: 35893)
[2025-07-23 22:51:39] Loaded +x modules (PID: 35900)
[2025-07-23 22:51:39] Wrote module list to output file (PID: 35900)
[2025-07-23 22:51:39] System command './+x/director.+x show' returned 0 (PID: 35893)
[2025-07-23 22:51:39] Opening action_output.txt (PID: 35893)
[2025-07-23 22:51:39] Closed action_output.txt (PID: 35893)
[2025-07-23 22:51:39] Reading index command (PID: 35893)
[2025-07-23 22:51:39] Initialized file_processed_lines to 47 on first call (PID: 35893)
[2025-07-23 22:52:02] Ctrl+C received in CLI mode (PID: 35893)
[2025-07-23 22:52:02] Ctrl+C detected in file mode (PID: 35893)
[2025-07-23 22:52:02] Exiting via Ctrl+C (PID: 35893)
[2025-07-23 22:52:25] Program started (PID: 35943)
[2025-07-23 22:52:25] Running in CLI and file mode (PID: 35943)
[2025-07-23 22:52:25] Initialized initial_file_processed_lines to 48 (PID: 35943)
[2025-07-23 22:52:25] Executing system command (PID: 35943)
[2025-07-23 22:52:25] Loaded +x modules (PID: 35947)
[2025-07-23 22:52:25] Wrote module list to output file (PID: 35947)
[2025-07-23 22:52:25] System command './+x/director.+x show' returned 0 (PID: 35943)
[2025-07-23 22:52:25] Opening action_output.txt (PID: 35943)
[2025-07-23 22:52:25] Closed action_output.txt (PID: 35943)
[2025-07-23 22:52:25] Reading index command (PID: 35943)
[2025-07-23 22:52:25] Initialized file_processed_lines to 48 on first call (PID: 35943)
[2025-07-23 22:52:55] Ctrl+C received in CLI mode (PID: 35943)
[2025-07-23 22:52:55] Ctrl+C detected in file mode (PID: 35943)
[2025-07-23 22:52:55] Exiting via Ctrl+C (PID: 35943)
[2025-07-23 22:53:19] Program started (PID: 35999)
[2025-07-23 22:53:19] Running in CLI and file mode (PID: 35999)
[2025-07-23 22:53:19] Initialized initial_file_processed_lines to 49 (PID: 35999)
[2025-07-23 22:53:19] Executing system command (PID: 35999)
[2025-07-23 22:53:19] Loaded +x modules (PID: 36003)
[2025-07-23 22:53:19] Wrote module list to output file (PID: 36003)
[2025-07-23 22:53:19] System command './+x/director.+x show' returned 0 (PID: 35999)
[2025-07-23 22:53:19] Opening action_output.txt (PID: 35999)
[2025-07-23 22:53:19] Closed action_output.txt (PID: 35999)
[2025-07-23 22:53:19] Reading index command (PID: 35999)
[2025-07-23 22:53:19] Initialized file_processed_lines to 49 on first call (PID: 35999)
[2025-07-23 22:53:27] Ctrl+C received in CLI mode (PID: 35999)
[2025-07-23 22:53:27] Ctrl+C detected in file mode (PID: 35999)
[2025-07-23 22:53:27] Exiting via Ctrl+C (PID: 35999)
[2025-07-23 22:53:59] Program started (PID: 36032)
[2025-07-23 22:53:59] Running in CLI and file mode (PID: 36032)
[2025-07-23 22:53:59] Initialized initial_file_processed_lines to 50 (PID: 36032)
[2025-07-23 22:53:59] Executing system command (PID: 36032)
[2025-07-23 22:53:59] Loaded +x modules (PID: 36039)
[2025-07-23 22:53:59] Wrote module list to output file (PID: 36039)
[2025-07-23 22:53:59] System command './+x/director.+x show' returned 0 (PID: 36032)
[2025-07-23 22:53:59] Opening action_output.txt (PID: 36032)
[2025-07-23 22:53:59] Closed action_output.txt (PID: 36032)
[2025-07-23 22:53:59] Reading index command (PID: 36032)
[2025-07-23 22:53:59] Initialized file_processed_lines to 50 on first call (PID: 36032)
[2025-07-23 22:54:16] Ctrl+C received in CLI mode (PID: 36032)
[2025-07-23 22:54:17] Ctrl+C detected in file mode (PID: 36032)
[2025-07-23 22:54:17] Exiting via Ctrl+C (PID: 36032)
