[2025-07-24 19:10:36] Program started (PID: 6617)
[2025-07-24 19:10:36] Running in CLI and file mode (PID: 6617)
[2025-07-24 19:10:36] Initialized initial_file_processed_lines to 79 (PID: 6617)
[2025-07-24 19:10:36] Executing system command (PID: 6617)
[2025-07-24 19:10:36] Loaded +x modules (PID: 6622)
[2025-07-24 19:10:36] Wrote module list to output file (PID: 6622)
[2025-07-24 19:10:36] System command './+x/director.+x show' returned 0 (PID: 6617)
[2025-07-24 19:10:36] Opening action_output.txt (PID: 6617)
[2025-07-24 19:10:36] Closed action_output.txt (PID: 6617)
[2025-07-24 19:10:36] Reading index command (PID: 6617)
[2025-07-24 19:10:36] Initialized file_processed_lines to 79 on first call (PID: 6617)
[2025-07-24 19:10:39] Ctrl+C received in CLI mode (PID: 6617)
[2025-07-24 19:10:40] Ctrl+C detected in file mode (PID: 6617)
[2025-07-24 19:10:40] Exiting via Ctrl+C (PID: 6617)
[2025-07-24 19:10:49] Program started (PID: 6655)
[2025-07-24 19:10:49] Running in CLI and file mode (PID: 6655)
[2025-07-24 19:10:49] Initialized initial_file_processed_lines to 80 (PID: 6655)
[2025-07-24 19:10:49] Executing system command (PID: 6655)
[2025-07-24 19:10:49] Loaded +x modules (PID: 6659)
[2025-07-24 19:10:49] Wrote module list to output file (PID: 6659)
[2025-07-24 19:10:49] System command './+x/director.+x show' returned 0 (PID: 6655)
[2025-07-24 19:10:49] Opening action_output.txt (PID: 6655)
[2025-07-24 19:10:49] Closed action_output.txt (PID: 6655)
[2025-07-24 19:10:49] Reading index command (PID: 6655)
[2025-07-24 19:10:49] Initialized file_processed_lines to 80 on first call (PID: 6655)
[2025-07-24 19:11:09] Ignored invalid input line 81: [B[B (PID: 6655)
[2025-07-24 19:11:10] Ctrl+C received in CLI mode (PID: 6655)
[2025-07-24 19:11:11] Ctrl+C received in CLI mode (PID: 6655)
[2025-07-24 19:11:11] Ctrl+C detected in file mode (PID: 6655)
[2025-07-24 19:11:11] Exiting via Ctrl+C (PID: 6655)
[2025-07-24 19:11:30] Program started (PID: 6694)
[2025-07-24 19:11:30] Running in CLI and file mode (PID: 6694)
[2025-07-24 19:11:30] Initialized initial_file_processed_lines to 82 (PID: 6694)
[2025-07-24 19:11:30] Executing system command (PID: 6694)
[2025-07-24 19:11:30] Loaded +x modules (PID: 6699)
[2025-07-24 19:11:30] Wrote module list to output file (PID: 6699)
[2025-07-24 19:11:30] System command './+x/director.+x show' returned 0 (PID: 6694)
[2025-07-24 19:11:30] Opening action_output.txt (PID: 6694)
[2025-07-24 19:11:30] Closed action_output.txt (PID: 6694)
[2025-07-24 19:11:30] Reading index command (PID: 6694)
[2025-07-24 19:11:30] Initialized file_processed_lines to 82 on first call (PID: 6694)
[2025-07-24 19:11:42] Ctrl+C received in CLI mode (PID: 6694)
[2025-07-24 19:11:42] Ctrl+C detected in file mode (PID: 6694)
[2025-07-24 19:11:42] Exiting via Ctrl+C (PID: 6694)
[2025-07-24 19:12:52] Program started (PID: 6775)
[2025-07-24 19:12:52] Running in CLI and file mode (PID: 6775)
[2025-07-24 19:12:52] Initialized initial_file_processed_lines to 83 (PID: 6775)
[2025-07-24 19:12:52] Executing system command (PID: 6775)
[2025-07-24 19:12:52] Loaded +x modules (PID: 6782)
[2025-07-24 19:12:52] Wrote module list to output file (PID: 6782)
[2025-07-24 19:12:52] System command './+x/director.+x show' returned 0 (PID: 6775)
[2025-07-24 19:12:52] Opening action_output.txt (PID: 6775)
[2025-07-24 19:12:52] Closed action_output.txt (PID: 6775)
[2025-07-24 19:12:52] Reading index command (PID: 6775)
[2025-07-24 19:12:52] Initialized file_processed_lines to 83 on first call (PID: 6775)
[2025-07-24 19:13:08] Ctrl+C received in CLI mode (PID: 6775)
[2025-07-24 19:13:08] Ctrl+C detected in file mode (PID: 6775)
[2025-07-24 19:13:08] Exiting via Ctrl+C (PID: 6775)
[2025-07-24 19:21:33] Program started (PID: 7578)
[2025-07-24 19:21:33] Running in CLI and file mode (PID: 7578)
[2025-07-24 19:21:33] Initialized initial_file_processed_lines to 84 (PID: 7578)
[2025-07-24 19:21:33] Executing system command (PID: 7578)
[2025-07-24 19:21:33] Loaded +x modules (PID: 7584)
[2025-07-24 19:21:33] Wrote module list to output file (PID: 7584)
[2025-07-24 19:21:33] System command './+x/director.+x show' returned 0 (PID: 7578)
[2025-07-24 19:21:33] Opening action_output.txt (PID: 7578)
[2025-07-24 19:21:33] Closed action_output.txt (PID: 7578)
[2025-07-24 19:21:33] Reading index command (PID: 7578)
[2025-07-24 19:21:33] Initialized file_processed_lines to 84 on first call (PID: 7578)
[2025-07-24 19:21:58] Ctrl+C received in CLI mode (PID: 7578)
[2025-07-24 19:21:58] Ctrl+C detected in file mode (PID: 7578)
[2025-07-24 19:21:58] Exiting via Ctrl+C (PID: 7578)
[2025-07-24 19:22:38] Program started (PID: 7688)
[2025-07-24 19:22:38] Running in CLI and file mode (PID: 7688)
[2025-07-24 19:22:38] Initialized initial_file_processed_lines to 85 (PID: 7688)
[2025-07-24 19:22:38] Executing system command (PID: 7688)
[2025-07-24 19:22:38] Loaded +x modules (PID: 7693)
[2025-07-24 19:22:38] Wrote module list to output file (PID: 7693)
[2025-07-24 19:22:38] System command './+x/director.+x show' returned 0 (PID: 7688)
[2025-07-24 19:22:38] Opening action_output.txt (PID: 7688)
[2025-07-24 19:22:38] Closed action_output.txt (PID: 7688)
[2025-07-24 19:22:38] Reading index command (PID: 7688)
[2025-07-24 19:22:38] Initialized file_processed_lines to 85 on first call (PID: 7688)
[2025-07-24 19:23:20] Ctrl+C received in CLI mode (PID: 7688)
[2025-07-24 19:23:20] Ctrl+C detected in file mode (PID: 7688)
[2025-07-24 19:23:20] Exiting via Ctrl+C (PID: 7688)
[2025-07-24 19:23:32] Program started (PID: 7771)
[2025-07-24 19:23:32] Running in CLI and file mode (PID: 7771)
[2025-07-24 19:23:32] Initialized initial_file_processed_lines to 86 (PID: 7771)
[2025-07-24 19:23:32] Executing system command (PID: 7771)
[2025-07-24 19:23:32] Loaded +x modules (PID: 7777)
[2025-07-24 19:23:32] Wrote module list to output file (PID: 7777)
[2025-07-24 19:23:32] System command './+x/director.+x show' returned 0 (PID: 7771)
[2025-07-24 19:23:32] Opening action_output.txt (PID: 7771)
[2025-07-24 19:23:32] Closed action_output.txt (PID: 7771)
[2025-07-24 19:23:32] Reading index command (PID: 7771)
[2025-07-24 19:23:32] Initialized file_processed_lines to 86 on first call (PID: 7771)
[2025-07-24 19:30:38] Program started (PID: 4535)
[2025-07-24 19:30:38] Running in CLI and file mode (PID: 4535)
[2025-07-24 19:30:38] Initialized initial_file_processed_lines to 86 (PID: 4535)
[2025-07-24 19:30:38] Executing system command (PID: 4535)
[2025-07-24 19:30:38] Loaded +x modules (PID: 4542)
[2025-07-24 19:30:38] Wrote module list to output file (PID: 4542)
[2025-07-24 19:30:38] System command './+x/director.+x show' returned 0 (PID: 4535)
[2025-07-24 19:30:38] Opening action_output.txt (PID: 4535)
[2025-07-24 19:30:38] Closed action_output.txt (PID: 4535)
[2025-07-24 19:30:38] Reading index command (PID: 4535)
[2025-07-24 19:30:38] Initialized file_processed_lines to 86 on first call (PID: 4535)
[2025-07-24 19:30:44] Ctrl+C received in CLI mode (PID: 4535)
[2025-07-24 19:30:44] Ctrl+C detected in file mode (PID: 4535)
[2025-07-24 19:30:44] Exiting via Ctrl+C (PID: 4535)
[2025-07-24 19:36:01] Program started (PID: 4822)
[2025-07-24 19:36:01] Running in CLI and file mode (PID: 4822)
[2025-07-24 19:36:01] Initialized initial_file_processed_lines to 87 (PID: 4822)
[2025-07-24 19:36:01] Executing system command (PID: 4822)
[2025-07-24 19:36:01] Loaded +x modules (PID: 4829)
[2025-07-24 19:36:01] Wrote module list to output file (PID: 4829)
[2025-07-24 19:36:01] System command './+x/director.+x show' returned 0 (PID: 4822)
[2025-07-24 19:36:01] Opening action_output.txt (PID: 4822)
[2025-07-24 19:36:01] Closed action_output.txt (PID: 4822)
[2025-07-24 19:36:01] Reading index command (PID: 4822)
[2025-07-24 19:36:01] Initialized file_processed_lines to 87 on first call (PID: 4822)
[2025-07-24 19:36:27] Ctrl+C received in CLI mode (PID: 4822)
[2025-07-24 19:36:27] Ctrl+C detected in file mode (PID: 4822)
[2025-07-24 19:36:27] Exiting via Ctrl+C (PID: 4822)
[2025-07-24 19:36:34] Program started (PID: 4859)
[2025-07-24 19:36:34] Running in CLI and file mode (PID: 4859)
[2025-07-24 19:36:34] Initialized initial_file_processed_lines to 88 (PID: 4859)
[2025-07-24 19:36:34] Executing system command (PID: 4859)
[2025-07-24 19:36:34] Loaded +x modules (PID: 4865)
[2025-07-24 19:36:34] Wrote module list to output file (PID: 4865)
[2025-07-24 19:36:34] System command './+x/director.+x show' returned 0 (PID: 4859)
[2025-07-24 19:36:34] Opening action_output.txt (PID: 4859)
[2025-07-24 19:36:34] Closed action_output.txt (PID: 4859)
[2025-07-24 19:36:34] Reading index command (PID: 4859)
[2025-07-24 19:36:34] Initialized file_processed_lines to 88 on first call (PID: 4859)
[2025-07-24 19:36:47] Ctrl+C received in CLI mode (PID: 4859)
[2025-07-24 19:36:47] Ctrl+C detected in file mode (PID: 4859)
[2025-07-24 19:36:47] Exiting via Ctrl+C (PID: 4859)
[2025-07-24 19:36:51] Program started (PID: 4890)
[2025-07-24 19:36:51] Running in CLI and file mode (PID: 4890)
[2025-07-24 19:36:51] Initialized initial_file_processed_lines to 89 (PID: 4890)
[2025-07-24 19:36:51] Executing system command (PID: 4890)
[2025-07-24 19:36:51] Loaded +x modules (PID: 4894)
[2025-07-24 19:36:51] Wrote module list to output file (PID: 4894)
[2025-07-24 19:36:51] System command './+x/director.+x show' returned 0 (PID: 4890)
[2025-07-24 19:36:51] Opening action_output.txt (PID: 4890)
[2025-07-24 19:36:51] Closed action_output.txt (PID: 4890)
[2025-07-24 19:36:51] Reading index command (PID: 4890)
[2025-07-24 19:36:51] Initialized file_processed_lines to 89 on first call (PID: 4890)
[2025-07-24 19:37:01] Ctrl+C received in CLI mode (PID: 4890)
[2025-07-24 19:37:02] Ctrl+C detected in file mode (PID: 4890)
[2025-07-24 19:37:02] Exiting via Ctrl+C (PID: 4890)
[2025-07-24 19:37:06] Program started (PID: 4917)
[2025-07-24 19:37:06] Running in CLI and file mode (PID: 4917)
[2025-07-24 19:37:06] Initialized initial_file_processed_lines to 90 (PID: 4917)
[2025-07-24 19:37:06] Executing system command (PID: 4917)
[2025-07-24 19:37:06] Loaded +x modules (PID: 4922)
[2025-07-24 19:37:06] Wrote module list to output file (PID: 4922)
[2025-07-24 19:37:06] System command './+x/director.+x show' returned 0 (PID: 4917)
[2025-07-24 19:37:06] Opening action_output.txt (PID: 4917)
[2025-07-24 19:37:06] Closed action_output.txt (PID: 4917)
[2025-07-24 19:37:06] Reading index command (PID: 4917)
[2025-07-24 19:37:06] Initialized file_processed_lines to 90 on first call (PID: 4917)
[2025-07-24 19:37:09] Ctrl+C received in CLI mode (PID: 4917)
[2025-07-24 19:37:09] Ctrl+C detected in file mode (PID: 4917)
[2025-07-24 19:37:09] Exiting via Ctrl+C (PID: 4917)
[2025-07-24 22:01:26] Program started (PID: 10310)
[2025-07-24 22:01:26] Running in CLI and file mode (PID: 10310)
[2025-07-24 22:01:26] Initialized initial_file_processed_lines to 91 (PID: 10310)
[2025-07-24 22:01:26] Executing system command (PID: 10310)
[2025-07-24 22:01:26] Loaded +x modules (PID: 10315)
[2025-07-24 22:01:26] Wrote module list to output file (PID: 10315)
[2025-07-24 22:01:26] System command './+x/director.+x show' returned 0 (PID: 10310)
[2025-07-24 22:01:26] Opening action_output.txt (PID: 10310)
[2025-07-24 22:01:26] Closed action_output.txt (PID: 10310)
[2025-07-24 22:01:26] Reading index command (PID: 10310)
[2025-07-24 22:01:26] Initialized file_processed_lines to 91 on first call (PID: 10310)
[2025-07-24 22:01:28] Ctrl+C received in CLI mode (PID: 10310)
[2025-07-24 22:01:28] Ctrl+C detected in file mode (PID: 10310)
[2025-07-24 22:01:28] Exiting via Ctrl+C (PID: 10310)
[2025-07-24 22:01:37] Program started (PID: 10328)
[2025-07-24 22:01:37] Running in CLI and file mode (PID: 10328)
[2025-07-24 22:01:37] Initialized initial_file_processed_lines to 92 (PID: 10328)
[2025-07-24 22:01:37] Executing system command (PID: 10328)
[2025-07-24 22:01:37] Loaded +x modules (PID: 10332)
[2025-07-24 22:01:37] Wrote module list to output file (PID: 10332)
[2025-07-24 22:01:37] System command './+x/director.+x show' returned 0 (PID: 10328)
[2025-07-24 22:01:37] Opening action_output.txt (PID: 10328)
[2025-07-24 22:01:37] Closed action_output.txt (PID: 10328)
[2025-07-24 22:01:37] Reading index command (PID: 10328)
[2025-07-24 22:01:37] Initialized file_processed_lines to 92 on first call (PID: 10328)
[2025-07-24 22:01:55] Ignored invalid input line 93: [C[C (PID: 10328)
[2025-07-24 22:02:05] Ctrl+C received in CLI mode (PID: 10328)
[2025-07-24 22:02:06] Ctrl+C received in CLI mode (PID: 10328)
[2025-07-24 22:02:06] Ctrl+C detected in file mode (PID: 10328)
[2025-07-24 22:02:06] Exiting via Ctrl+C (PID: 10328)
[2025-07-24 22:02:17] Program started (PID: 10375)
[2025-07-24 22:02:17] Running in CLI and file mode (PID: 10375)
[2025-07-24 22:02:17] Initialized initial_file_processed_lines to 94 (PID: 10375)
[2025-07-24 22:02:17] Executing system command (PID: 10375)
[2025-07-24 22:02:17] Loaded +x modules (PID: 10382)
[2025-07-24 22:02:17] Wrote module list to output file (PID: 10382)
[2025-07-24 22:02:17] System command './+x/director.+x show' returned 0 (PID: 10375)
[2025-07-24 22:02:17] Opening action_output.txt (PID: 10375)
[2025-07-24 22:02:17] Closed action_output.txt (PID: 10375)
[2025-07-24 22:02:17] Reading index command (PID: 10375)
[2025-07-24 22:02:17] Initialized file_processed_lines to 94 on first call (PID: 10375)
[2025-07-24 22:03:00] Ctrl+C received in CLI mode (PID: 10375)
[2025-07-24 22:03:00] Ctrl+C detected in file mode (PID: 10375)
[2025-07-24 22:03:00] Exiting via Ctrl+C (PID: 10375)
[2025-07-24 22:03:03] Program started (PID: 10446)
[2025-07-24 22:03:03] Running in CLI and file mode (PID: 10446)
[2025-07-24 22:03:03] Initialized initial_file_processed_lines to 95 (PID: 10446)
[2025-07-24 22:03:03] Executing system command (PID: 10446)
[2025-07-24 22:03:03] Loaded +x modules (PID: 10452)
[2025-07-24 22:03:03] Wrote module list to output file (PID: 10452)
[2025-07-24 22:03:03] System command './+x/director.+x show' returned 0 (PID: 10446)
[2025-07-24 22:03:03] Opening action_output.txt (PID: 10446)
[2025-07-24 22:03:03] Closed action_output.txt (PID: 10446)
[2025-07-24 22:03:03] Reading index command (PID: 10446)
[2025-07-24 22:03:03] Initialized file_processed_lines to 95 on first call (PID: 10446)
[2025-07-24 22:03:24] Ctrl+C received in CLI mode (PID: 10446)
[2025-07-24 22:03:24] Ctrl+C detected in file mode (PID: 10446)
[2025-07-24 22:03:24] Exiting via Ctrl+C (PID: 10446)
[2025-07-24 22:06:30] Program started (PID: 10631)
[2025-07-24 22:06:30] Running in CLI and file mode (PID: 10631)
[2025-07-24 22:06:30] Initialized initial_file_processed_lines to 96 (PID: 10631)
[2025-07-24 22:06:30] Executing system command (PID: 10631)
[2025-07-24 22:06:30] Loaded +x modules (PID: 10638)
[2025-07-24 22:06:30] Wrote module list to output file (PID: 10638)
[2025-07-24 22:06:30] System command './+x/director.+x show' returned 0 (PID: 10631)
[2025-07-24 22:06:30] Opening action_output.txt (PID: 10631)
[2025-07-24 22:06:30] Closed action_output.txt (PID: 10631)
[2025-07-24 22:06:30] Reading index command (PID: 10631)
[2025-07-24 22:06:30] Initialized file_processed_lines to 96 on first call (PID: 10631)
[2025-07-24 22:07:03] Ctrl+C received in CLI mode (PID: 10631)
[2025-07-24 22:07:03] Ctrl+C detected in file mode (PID: 10631)
[2025-07-24 22:07:03] Exiting via Ctrl+C (PID: 10631)
[2025-07-24 22:12:18] Program started (PID: 10856)
[2025-07-24 22:12:18] Running in CLI and file mode (PID: 10856)
[2025-07-24 22:12:18] Initialized initial_file_processed_lines to 97 (PID: 10856)
[2025-07-24 22:12:18] Executing system command (PID: 10856)
[2025-07-24 22:12:18] Loaded +x modules (PID: 10863)
[2025-07-24 22:12:18] Wrote module list to output file (PID: 10863)
[2025-07-24 22:12:18] System command './+x/director.+x show' returned 0 (PID: 10856)
[2025-07-24 22:12:18] Opening action_output.txt (PID: 10856)
[2025-07-24 22:12:18] Closed action_output.txt (PID: 10856)
[2025-07-24 22:12:18] Reading index command (PID: 10856)
[2025-07-24 22:12:18] Initialized file_processed_lines to 97 on first call (PID: 10856)
[2025-07-24 22:15:31] Ctrl+C received in CLI mode (PID: 10856)
[2025-07-24 22:15:31] Ctrl+C detected in file mode (PID: 10856)
[2025-07-24 22:15:31] Exiting via Ctrl+C (PID: 10856)
[2025-07-24 22:15:35] Program started (PID: 11038)
[2025-07-24 22:15:35] Running in CLI and file mode (PID: 11038)
[2025-07-24 22:15:35] Initialized initial_file_processed_lines to 98 (PID: 11038)
[2025-07-24 22:15:35] Executing system command (PID: 11038)
[2025-07-24 22:15:35] Loaded +x modules (PID: 11041)
[2025-07-24 22:15:35] Wrote module list to output file (PID: 11041)
[2025-07-24 22:15:36] System command './+x/director.+x show' returned 0 (PID: 11038)
[2025-07-24 22:15:36] Opening action_output.txt (PID: 11038)
[2025-07-24 22:15:36] Closed action_output.txt (PID: 11038)
[2025-07-24 22:15:36] Reading index command (PID: 11038)
[2025-07-24 22:15:36] Initialized file_processed_lines to 98 on first call (PID: 11038)
[2025-07-24 22:16:49] Ctrl+C received in CLI mode (PID: 11038)
[2025-07-24 22:16:49] Ctrl+C detected in file mode (PID: 11038)
[2025-07-24 22:16:49] Exiting via Ctrl+C (PID: 11038)
[2025-07-24 22:20:36] Program started (PID: 11263)
[2025-07-24 22:20:36] Running in CLI and file mode (PID: 11263)
[2025-07-24 22:20:36] Initialized initial_file_processed_lines to 99 (PID: 11263)
[2025-07-24 22:20:36] Executing system command (PID: 11263)
[2025-07-24 22:20:36] Loaded +x modules (PID: 11268)
[2025-07-24 22:20:36] Wrote module list to output file (PID: 11268)
[2025-07-24 22:20:36] System command './+x/director.+x show' returned 0 (PID: 11263)
[2025-07-24 22:20:36] Opening action_output.txt (PID: 11263)
[2025-07-24 22:20:36] Closed action_output.txt (PID: 11263)
[2025-07-24 22:20:36] Reading index command (PID: 11263)
[2025-07-24 22:20:36] Initialized file_processed_lines to 99 on first call (PID: 11263)
[2025-07-24 22:22:11] Ctrl+C received in CLI mode (PID: 11263)
[2025-07-24 22:22:11] Ctrl+C detected in file mode (PID: 11263)
[2025-07-24 22:22:11] Exiting via Ctrl+C (PID: 11263)
[2025-07-24 22:26:13] Program started (PID: 11540)
[2025-07-24 22:26:13] Running in CLI and file mode (PID: 11540)
[2025-07-24 22:26:13] Initialized initial_file_processed_lines to 100 (PID: 11540)
[2025-07-24 22:26:13] Executing system command (PID: 11540)
[2025-07-24 22:26:13] Loaded +x modules (PID: 11545)
[2025-07-24 22:26:13] Wrote module list to output file (PID: 11545)
[2025-07-24 22:26:13] System command './+x/director.+x show' returned 0 (PID: 11540)
[2025-07-24 22:26:13] Opening action_output.txt (PID: 11540)
[2025-07-24 22:26:13] Closed action_output.txt (PID: 11540)
[2025-07-24 22:26:13] Reading index command (PID: 11540)
[2025-07-24 22:26:13] Initialized file_processed_lines to 100 on first call (PID: 11540)
[2025-07-24 22:26:35] Ctrl+C received in CLI mode (PID: 11540)
[2025-07-24 22:26:35] Ctrl+C detected in file mode (PID: 11540)
[2025-07-24 22:26:35] Exiting via Ctrl+C (PID: 11540)
[2025-07-24 22:26:38] Program started (PID: 11620)
[2025-07-24 22:26:38] Running in CLI and file mode (PID: 11620)
[2025-07-24 22:26:38] Initialized initial_file_processed_lines to 101 (PID: 11620)
[2025-07-24 22:26:38] Executing system command (PID: 11620)
[2025-07-24 22:26:38] Loaded +x modules (PID: 11627)
[2025-07-24 22:26:38] Wrote module list to output file (PID: 11627)
[2025-07-24 22:26:38] System command './+x/director.+x show' returned 0 (PID: 11620)
[2025-07-24 22:26:38] Opening action_output.txt (PID: 11620)
[2025-07-24 22:26:38] Closed action_output.txt (PID: 11620)
[2025-07-24 22:26:38] Reading index command (PID: 11620)
[2025-07-24 22:26:38] Initialized file_processed_lines to 101 on first call (PID: 11620)
[2025-07-24 22:26:50] Ctrl+C received in CLI mode (PID: 11620)
[2025-07-24 22:26:50] Ctrl+C detected in file mode (PID: 11620)
[2025-07-24 22:26:50] Exiting via Ctrl+C (PID: 11620)
[2025-07-24 22:27:05] Program started (PID: 11688)
[2025-07-24 22:27:05] Running in CLI and file mode (PID: 11688)
[2025-07-24 22:27:05] Initialized initial_file_processed_lines to 102 (PID: 11688)
[2025-07-24 22:27:05] Executing system command (PID: 11688)
[2025-07-24 22:27:05] Loaded +x modules (PID: 11694)
[2025-07-24 22:27:05] Wrote module list to output file (PID: 11694)
[2025-07-24 22:27:05] System command './+x/director.+x show' returned 0 (PID: 11688)
[2025-07-24 22:27:05] Opening action_output.txt (PID: 11688)
[2025-07-24 22:27:05] Closed action_output.txt (PID: 11688)
[2025-07-24 22:27:05] Reading index command (PID: 11688)
[2025-07-24 22:27:05] Initialized file_processed_lines to 102 on first call (PID: 11688)
[2025-07-24 22:27:32] Ctrl+C received in CLI mode (PID: 11688)
[2025-07-24 22:27:32] Ctrl+C detected in file mode (PID: 11688)
[2025-07-24 22:27:32] Exiting via Ctrl+C (PID: 11688)
[2025-07-24 22:27:34] Program started (PID: 11774)
[2025-07-24 22:27:34] Running in CLI and file mode (PID: 11774)
[2025-07-24 22:27:34] Initialized initial_file_processed_lines to 103 (PID: 11774)
[2025-07-24 22:27:34] Executing system command (PID: 11774)
[2025-07-24 22:27:34] Loaded +x modules (PID: 11778)
[2025-07-24 22:27:34] Wrote module list to output file (PID: 11778)
[2025-07-24 22:27:34] System command './+x/director.+x show' returned 0 (PID: 11774)
[2025-07-24 22:27:34] Opening action_output.txt (PID: 11774)
[2025-07-24 22:27:34] Closed action_output.txt (PID: 11774)
[2025-07-24 22:27:34] Reading index command (PID: 11774)
[2025-07-24 22:27:34] Initialized file_processed_lines to 103 on first call (PID: 11774)
[2025-07-24 22:28:52] Ctrl+C received in CLI mode (PID: 11774)
[2025-07-24 22:28:53] Ctrl+C detected in file mode (PID: 11774)
[2025-07-24 22:28:53] Exiting via Ctrl+C (PID: 11774)
[2025-07-24 22:31:10] Program started (PID: 11979)
[2025-07-24 22:31:10] Running in CLI and file mode (PID: 11979)
[2025-07-24 22:31:10] Initialized initial_file_processed_lines to 104 (PID: 11979)
[2025-07-24 22:31:10] Executing system command (PID: 11979)
[2025-07-24 22:31:10] Loaded +x modules (PID: 11984)
[2025-07-24 22:31:10] Wrote module list to output file (PID: 11984)
[2025-07-24 22:31:10] System command './+x/director.+x show' returned 0 (PID: 11979)
[2025-07-24 22:31:10] Opening action_output.txt (PID: 11979)
[2025-07-24 22:31:10] Closed action_output.txt (PID: 11979)
[2025-07-24 22:31:10] Reading index command (PID: 11979)
[2025-07-24 22:31:10] Initialized file_processed_lines to 104 on first call (PID: 11979)
[2025-07-24 22:48:44] Program started (PID: 4795)
[2025-07-24 22:48:44] Running in CLI and file mode (PID: 4795)
[2025-07-24 22:48:44] Initialized initial_file_processed_lines to 104 (PID: 4795)
[2025-07-24 22:48:44] Executing system command (PID: 4795)
[2025-07-24 22:48:44] Loaded +x modules (PID: 4798)
[2025-07-24 22:48:44] Wrote module list to output file (PID: 4798)
[2025-07-24 22:48:44] System command './+x/director.+x show' returned 0 (PID: 4795)
[2025-07-24 22:48:44] Opening action_output.txt (PID: 4795)
[2025-07-24 22:48:44] Closed action_output.txt (PID: 4795)
[2025-07-24 22:48:44] Reading index command (PID: 4795)
[2025-07-24 22:48:44] Initialized file_processed_lines to 104 on first call (PID: 4795)
[2025-07-24 22:48:51] Ctrl+C received in CLI mode (PID: 4795)
[2025-07-24 22:48:51] Ctrl+C detected in file mode (PID: 4795)
[2025-07-24 22:48:51] Exiting via Ctrl+C (PID: 4795)
[2025-07-24 22:50:40] Program started (PID: 4964)
[2025-07-24 22:50:40] Running in CLI and file mode (PID: 4964)
[2025-07-24 22:50:40] Initialized initial_file_processed_lines to 105 (PID: 4964)
[2025-07-24 22:50:40] Executing system command (PID: 4964)
[2025-07-24 22:50:40] Loaded +x modules (PID: 4969)
[2025-07-24 22:50:40] Wrote module list to output file (PID: 4969)
[2025-07-24 22:50:40] System command './+x/director.+x show' returned 0 (PID: 4964)
[2025-07-24 22:50:40] Opening action_output.txt (PID: 4964)
[2025-07-24 22:50:40] Closed action_output.txt (PID: 4964)
[2025-07-24 22:50:40] Reading index command (PID: 4964)
[2025-07-24 22:50:40] Initialized file_processed_lines to 105 on first call (PID: 4964)
[2025-07-24 22:54:23] Program started (PID: 3046)
[2025-07-24 22:54:23] Running in CLI and file mode (PID: 3046)
[2025-07-24 22:54:23] Initialized initial_file_processed_lines to 105 (PID: 3046)
[2025-07-24 22:54:23] Executing system command (PID: 3046)
[2025-07-24 22:54:23] Loaded +x modules (PID: 3052)
[2025-07-24 22:54:23] Wrote module list to output file (PID: 3052)
[2025-07-24 22:54:23] System command './+x/director.+x show' returned 0 (PID: 3046)
[2025-07-24 22:54:23] Opening action_output.txt (PID: 3046)
[2025-07-24 22:54:23] Closed action_output.txt (PID: 3046)
[2025-07-24 22:54:23] Reading index command (PID: 3046)
[2025-07-24 22:54:23] Initialized file_processed_lines to 105 on first call (PID: 3046)
[2025-07-24 22:54:29] Ctrl+C received in CLI mode (PID: 3046)
[2025-07-24 22:54:29] Ctrl+C detected in file mode (PID: 3046)
[2025-07-24 22:54:29] Exiting via Ctrl+C (PID: 3046)
[2025-07-24 22:57:30] Program started (PID: 3390)
[2025-07-24 22:57:30] Running in CLI and file mode (PID: 3390)
[2025-07-24 22:57:30] Initialized initial_file_processed_lines to 106 (PID: 3390)
[2025-07-24 22:57:30] Executing system command (PID: 3390)
[2025-07-24 22:57:30] Loaded +x modules (PID: 3397)
[2025-07-24 22:57:30] Wrote module list to output file (PID: 3397)
[2025-07-24 22:57:30] System command './+x/director.+x show' returned 0 (PID: 3390)
[2025-07-24 22:57:30] Opening action_output.txt (PID: 3390)
[2025-07-24 22:57:30] Closed action_output.txt (PID: 3390)
[2025-07-24 22:57:30] Reading index command (PID: 3390)
[2025-07-24 22:57:30] Initialized file_processed_lines to 106 on first call (PID: 3390)
[2025-07-24 22:57:33] Ctrl+C received in CLI mode (PID: 3390)
[2025-07-24 22:57:33] Ctrl+C detected in file mode (PID: 3390)
[2025-07-24 22:57:33] Exiting via Ctrl+C (PID: 3390)
[2025-07-24 23:02:57] Program started (PID: 3794)
[2025-07-24 23:02:57] Running in CLI and file mode (PID: 3794)
[2025-07-24 23:02:57] Initialized initial_file_processed_lines to 107 (PID: 3794)
[2025-07-24 23:02:57] Executing system command (PID: 3794)
[2025-07-24 23:02:57] Loaded +x modules (PID: 3801)
[2025-07-24 23:02:57] Wrote module list to output file (PID: 3801)
[2025-07-24 23:02:57] System command './+x/director.+x show' returned 0 (PID: 3794)
[2025-07-24 23:02:57] Opening action_output.txt (PID: 3794)
[2025-07-24 23:02:57] Closed action_output.txt (PID: 3794)
[2025-07-24 23:02:57] Reading index command (PID: 3794)
[2025-07-24 23:02:57] Initialized file_processed_lines to 107 on first call (PID: 3794)
[2025-07-24 23:03:02] Ctrl+C received in CLI mode (PID: 3794)
[2025-07-24 23:03:02] Ctrl+C detected in file mode (PID: 3794)
[2025-07-24 23:03:02] Exiting via Ctrl+C (PID: 3794)
[2025-07-24 23:03:10] Program started (PID: 3819)
[2025-07-24 23:03:10] Running in CLI and file mode (PID: 3819)
[2025-07-24 23:03:10] Initialized initial_file_processed_lines to 108 (PID: 3819)
[2025-07-24 23:03:10] Executing system command (PID: 3819)
[2025-07-24 23:03:10] Loaded +x modules (PID: 3825)
[2025-07-24 23:03:10] Wrote module list to output file (PID: 3825)
[2025-07-24 23:03:10] System command './+x/director.+x show' returned 0 (PID: 3819)
[2025-07-24 23:03:10] Opening action_output.txt (PID: 3819)
[2025-07-24 23:03:10] Closed action_output.txt (PID: 3819)
[2025-07-24 23:03:10] Reading index command (PID: 3819)
[2025-07-24 23:03:10] Initialized file_processed_lines to 108 on first call (PID: 3819)
[2025-07-24 23:03:17] Ctrl+C received in CLI mode (PID: 3819)
[2025-07-24 23:03:17] Ctrl+C detected in file mode (PID: 3819)
[2025-07-24 23:03:17] Exiting via Ctrl+C (PID: 3819)
[2025-07-24 23:03:30] Program started (PID: 3890)
[2025-07-24 23:03:30] Running in CLI and file mode (PID: 3890)
[2025-07-24 23:03:30] Initialized initial_file_processed_lines to 109 (PID: 3890)
[2025-07-24 23:03:30] Executing system command (PID: 3890)
[2025-07-24 23:03:30] Loaded +x modules (PID: 3895)
[2025-07-24 23:03:30] Wrote module list to output file (PID: 3895)
[2025-07-24 23:03:30] System command './+x/director.+x show' returned 0 (PID: 3890)
[2025-07-24 23:03:30] Opening action_output.txt (PID: 3890)
[2025-07-24 23:03:30] Closed action_output.txt (PID: 3890)
[2025-07-24 23:03:30] Reading index command (PID: 3890)
[2025-07-24 23:03:30] Initialized file_processed_lines to 109 on first call (PID: 3890)
[2025-07-24 23:03:42] Ctrl+C received in CLI mode (PID: 3890)
[2025-07-24 23:03:42] Ctrl+C detected in file mode (PID: 3890)
[2025-07-24 23:03:42] Exiting via Ctrl+C (PID: 3890)
[2025-07-24 23:03:45] Program started (PID: 3920)
[2025-07-24 23:03:45] Running in CLI and file mode (PID: 3920)
[2025-07-24 23:03:45] Initialized initial_file_processed_lines to 110 (PID: 3920)
[2025-07-24 23:03:45] Executing system command (PID: 3920)
[2025-07-24 23:03:45] Loaded +x modules (PID: 3926)
[2025-07-24 23:03:45] Wrote module list to output file (PID: 3926)
[2025-07-24 23:03:45] System command './+x/director.+x show' returned 0 (PID: 3920)
[2025-07-24 23:03:45] Opening action_output.txt (PID: 3920)
[2025-07-24 23:03:45] Closed action_output.txt (PID: 3920)
[2025-07-24 23:03:45] Reading index command (PID: 3920)
[2025-07-24 23:03:45] Initialized file_processed_lines to 110 on first call (PID: 3920)
[2025-07-24 23:03:56] Ctrl+C received in CLI mode (PID: 3920)
[2025-07-24 23:03:56] Ctrl+C detected in file mode (PID: 3920)
[2025-07-24 23:03:56] Exiting via Ctrl+C (PID: 3920)
[2025-07-24 23:17:25] Program started (PID: 4483)
[2025-07-24 23:17:25] Running in CLI and file mode (PID: 4483)
[2025-07-24 23:17:25] Initialized initial_file_processed_lines to 111 (PID: 4483)
[2025-07-24 23:17:25] Executing system command (PID: 4483)
[2025-07-24 23:17:25] Loaded +x modules (PID: 4488)
[2025-07-24 23:17:25] Wrote module list to output file (PID: 4488)
[2025-07-24 23:17:25] System command './+x/director.+x show' returned 0 (PID: 4483)
[2025-07-24 23:17:25] Opening action_output.txt (PID: 4483)
[2025-07-24 23:17:25] Closed action_output.txt (PID: 4483)
[2025-07-24 23:17:25] Reading index command (PID: 4483)
[2025-07-24 23:17:25] Initialized file_processed_lines to 111 on first call (PID: 4483)
[2025-07-24 23:17:42] Ctrl+C received in CLI mode (PID: 4483)
[2025-07-24 23:17:42] Ctrl+C detected in file mode (PID: 4483)
[2025-07-24 23:17:42] Exiting via Ctrl+C (PID: 4483)
[2025-07-24 23:28:14] Program started (PID: 5729)
[2025-07-24 23:28:14] Running in CLI and file mode (PID: 5729)
[2025-07-24 23:28:14] Initialized initial_file_processed_lines to 112 (PID: 5729)
[2025-07-24 23:28:14] Executing system command (PID: 5729)
[2025-07-24 23:28:14] Loaded +x modules (PID: 5734)
[2025-07-24 23:28:14] Wrote module list to output file (PID: 5734)
[2025-07-24 23:28:14] System command './+x/director.+x show' returned 0 (PID: 5729)
[2025-07-24 23:28:14] Opening action_output.txt (PID: 5729)
[2025-07-24 23:28:14] Closed action_output.txt (PID: 5729)
[2025-07-24 23:28:14] Reading index command (PID: 5729)
[2025-07-24 23:28:14] Initialized file_processed_lines to 112 on first call (PID: 5729)
[2025-07-24 23:28:35] Ctrl+C received in CLI mode (PID: 5729)
[2025-07-24 23:28:35] Ctrl+C detected in file mode (PID: 5729)
[2025-07-24 23:28:35] Exiting via Ctrl+C (PID: 5729)
[2025-07-24 23:29:59] Program started (PID: 6218)
[2025-07-24 23:29:59] Running in CLI and file mode (PID: 6218)
[2025-07-24 23:29:59] Initialized initial_file_processed_lines to 113 (PID: 6218)
[2025-07-24 23:29:59] Executing system command (PID: 6218)
[2025-07-24 23:29:59] Loaded +x modules (PID: 6224)
[2025-07-24 23:29:59] Wrote module list to output file (PID: 6224)
[2025-07-24 23:29:59] System command './+x/director.+x show' returned 0 (PID: 6218)
[2025-07-24 23:29:59] Opening action_output.txt (PID: 6218)
[2025-07-24 23:29:59] Closed action_output.txt (PID: 6218)
[2025-07-24 23:29:59] Reading index command (PID: 6218)
[2025-07-24 23:29:59] Initialized file_processed_lines to 113 on first call (PID: 6218)
[2025-07-24 23:30:40] Ctrl+C received in CLI mode (PID: 6218)
[2025-07-24 23:30:40] Ctrl+C detected in file mode (PID: 6218)
[2025-07-24 23:30:40] Exiting via Ctrl+C (PID: 6218)
[2025-07-24 23:31:11] Program started (PID: 6287)
[2025-07-24 23:31:11] Running in CLI and file mode (PID: 6287)
[2025-07-24 23:31:11] Initialized initial_file_processed_lines to 114 (PID: 6287)
[2025-07-24 23:31:11] Executing system command (PID: 6287)
[2025-07-24 23:31:11] Loaded +x modules (PID: 6291)
[2025-07-24 23:31:11] Wrote module list to output file (PID: 6291)
[2025-07-24 23:31:11] System command './+x/director.+x show' returned 0 (PID: 6287)
[2025-07-24 23:31:11] Opening action_output.txt (PID: 6287)
[2025-07-24 23:31:11] Closed action_output.txt (PID: 6287)
[2025-07-24 23:31:11] Reading index command (PID: 6287)
[2025-07-24 23:31:11] Initialized file_processed_lines to 114 on first call (PID: 6287)
[2025-07-24 23:31:24] Ctrl+C received in CLI mode (PID: 6287)
[2025-07-24 23:31:25] Ctrl+C detected in file mode (PID: 6287)
[2025-07-24 23:31:25] Exiting via Ctrl+C (PID: 6287)
[2025-07-24 23:31:30] Program started (PID: 6316)
[2025-07-24 23:31:30] Running in CLI and file mode (PID: 6316)
[2025-07-24 23:31:30] Initialized initial_file_processed_lines to 115 (PID: 6316)
[2025-07-24 23:31:30] Executing system command (PID: 6316)
[2025-07-24 23:31:30] Loaded +x modules (PID: 6323)
[2025-07-24 23:31:30] Wrote module list to output file (PID: 6323)
[2025-07-24 23:31:30] System command './+x/director.+x show' returned 0 (PID: 6316)
[2025-07-24 23:31:30] Opening action_output.txt (PID: 6316)
[2025-07-24 23:31:30] Closed action_output.txt (PID: 6316)
[2025-07-24 23:31:30] Reading index command (PID: 6316)
[2025-07-24 23:31:30] Initialized file_processed_lines to 115 on first call (PID: 6316)
[2025-07-24 23:31:39] Ctrl+C received in CLI mode (PID: 6316)
[2025-07-24 23:31:40] Ctrl+C detected in file mode (PID: 6316)
[2025-07-24 23:31:40] Exiting via Ctrl+C (PID: 6316)
[2025-07-24 23:31:45] Program started (PID: 6349)
[2025-07-24 23:31:45] Running in CLI and file mode (PID: 6349)
[2025-07-24 23:31:46] Initialized initial_file_processed_lines to 116 (PID: 6349)
[2025-07-24 23:31:46] Executing system command (PID: 6349)
[2025-07-24 23:31:46] Loaded +x modules (PID: 6354)
[2025-07-24 23:31:46] Wrote module list to output file (PID: 6354)
[2025-07-24 23:31:46] System command './+x/director.+x show' returned 0 (PID: 6349)
[2025-07-24 23:31:46] Opening action_output.txt (PID: 6349)
[2025-07-24 23:31:46] Closed action_output.txt (PID: 6349)
[2025-07-24 23:31:46] Reading index command (PID: 6349)
[2025-07-24 23:31:46] Initialized file_processed_lines to 116 on first call (PID: 6349)
[2025-07-24 23:31:52] Ctrl+C received in CLI mode (PID: 6349)
[2025-07-24 23:31:53] Ctrl+C detected in file mode (PID: 6349)
[2025-07-24 23:31:53] Exiting via Ctrl+C (PID: 6349)
[2025-07-24 23:32:54] Program started (PID: 6511)
[2025-07-24 23:32:54] Running in CLI and file mode (PID: 6511)
[2025-07-24 23:32:54] Initialized initial_file_processed_lines to 117 (PID: 6511)
[2025-07-24 23:32:54] Executing system command (PID: 6511)
[2025-07-24 23:32:54] Loaded +x modules (PID: 6514)
[2025-07-24 23:32:54] Wrote module list to output file (PID: 6514)
[2025-07-24 23:32:54] System command './+x/director.+x show' returned 0 (PID: 6511)
[2025-07-24 23:32:54] Opening action_output.txt (PID: 6511)
[2025-07-24 23:32:54] Closed action_output.txt (PID: 6511)
[2025-07-24 23:32:54] Reading index command (PID: 6511)
[2025-07-24 23:32:54] Initialized file_processed_lines to 117 on first call (PID: 6511)
[2025-07-24 23:33:05] Ctrl+C received in CLI mode (PID: 6511)
[2025-07-24 23:33:05] Ctrl+C detected in file mode (PID: 6511)
[2025-07-24 23:33:05] Exiting via Ctrl+C (PID: 6511)
[2025-07-24 23:33:23] Program started (PID: 6603)
[2025-07-24 23:33:23] Running in CLI and file mode (PID: 6603)
[2025-07-24 23:33:23] Initialized initial_file_processed_lines to 118 (PID: 6603)
[2025-07-24 23:33:23] Executing system command (PID: 6603)
[2025-07-24 23:33:23] Loaded +x modules (PID: 6609)
[2025-07-24 23:33:23] Wrote module list to output file (PID: 6609)
[2025-07-24 23:33:23] System command './+x/director.+x show' returned 0 (PID: 6603)
[2025-07-24 23:33:23] Opening action_output.txt (PID: 6603)
[2025-07-24 23:33:23] Closed action_output.txt (PID: 6603)
[2025-07-24 23:33:23] Reading index command (PID: 6603)
[2025-07-24 23:33:23] Initialized file_processed_lines to 118 on first call (PID: 6603)
[2025-07-24 23:33:30] Ctrl+C received in CLI mode (PID: 6603)
[2025-07-24 23:33:30] Ctrl+C detected in file mode (PID: 6603)
[2025-07-24 23:33:30] Exiting via Ctrl+C (PID: 6603)
[2025-07-24 23:34:48] Program started (PID: 6699)
[2025-07-24 23:34:48] Running in CLI and file mode (PID: 6699)
[2025-07-24 23:34:48] Initialized initial_file_processed_lines to 119 (PID: 6699)
[2025-07-24 23:34:48] Executing system command (PID: 6699)
[2025-07-24 23:34:48] Loaded +x modules (PID: 6702)
[2025-07-24 23:34:48] Wrote module list to output file (PID: 6702)
[2025-07-24 23:34:48] System command './+x/director.+x show' returned 0 (PID: 6699)
[2025-07-24 23:34:48] Opening action_output.txt (PID: 6699)
[2025-07-24 23:34:48] Closed action_output.txt (PID: 6699)
[2025-07-24 23:34:48] Reading index command (PID: 6699)
[2025-07-24 23:34:48] Initialized file_processed_lines to 119 on first call (PID: 6699)
[2025-07-24 23:34:50] Ctrl+C received in CLI mode (PID: 6699)
[2025-07-24 23:34:50] Ctrl+C detected in file mode (PID: 6699)
[2025-07-24 23:34:50] Exiting via Ctrl+C (PID: 6699)
[2025-07-24 23:34:57] Program started (PID: 6748)
[2025-07-24 23:34:57] Running in CLI and file mode (PID: 6748)
[2025-07-24 23:34:57] Initialized initial_file_processed_lines to 120 (PID: 6748)
[2025-07-24 23:34:57] Executing system command (PID: 6748)
[2025-07-24 23:34:57] Loaded +x modules (PID: 6751)
[2025-07-24 23:34:57] Wrote module list to output file (PID: 6751)
[2025-07-24 23:34:57] System command './+x/director.+x show' returned 0 (PID: 6748)
[2025-07-24 23:34:57] Opening action_output.txt (PID: 6748)
[2025-07-24 23:34:57] Closed action_output.txt (PID: 6748)
[2025-07-24 23:34:57] Reading index command (PID: 6748)
[2025-07-24 23:34:57] Initialized file_processed_lines to 120 on first call (PID: 6748)
[2025-07-24 23:35:01] Ctrl+C received in CLI mode (PID: 6748)
[2025-07-24 23:35:01] Ctrl+C detected in file mode (PID: 6748)
[2025-07-24 23:35:01] Exiting via Ctrl+C (PID: 6748)
[2025-07-24 23:36:46] Program started (PID: 6871)
[2025-07-24 23:36:46] Running in CLI and file mode (PID: 6871)
[2025-07-24 23:36:46] Initialized initial_file_processed_lines to 121 (PID: 6871)
[2025-07-24 23:36:46] Executing system command (PID: 6871)
[2025-07-24 23:36:46] Loaded +x modules (PID: 6878)
[2025-07-24 23:36:46] Wrote module list to output file (PID: 6878)
[2025-07-24 23:36:46] System command './+x/director.+x show' returned 0 (PID: 6871)
[2025-07-24 23:36:46] Opening action_output.txt (PID: 6871)
[2025-07-24 23:36:46] Closed action_output.txt (PID: 6871)
[2025-07-24 23:36:46] Reading index command (PID: 6871)
[2025-07-24 23:36:46] Initialized file_processed_lines to 121 on first call (PID: 6871)
[2025-07-24 23:36:49] Ctrl+C received in CLI mode (PID: 6871)
[2025-07-24 23:36:49] Ctrl+C received in CLI mode (PID: 6871)
[2025-07-24 23:36:49] Ctrl+C detected in file mode (PID: 6871)
[2025-07-24 23:36:49] Exiting via Ctrl+C (PID: 6871)
[2025-07-25 01:01:43] Program started (PID: 11316)
[2025-07-25 01:01:43] Running in CLI and file mode (PID: 11316)
[2025-07-25 01:01:43] Initialized initial_file_processed_lines to 123 (PID: 11316)
[2025-07-25 01:01:43] Executing system command (PID: 11316)
[2025-07-25 01:01:43] Loaded +x modules (PID: 11321)
[2025-07-25 01:01:43] Wrote module list to output file (PID: 11321)
[2025-07-25 01:01:43] System command './+x/director.+x show' returned 0 (PID: 11316)
[2025-07-25 01:01:43] Opening action_output.txt (PID: 11316)
[2025-07-25 01:01:43] Closed action_output.txt (PID: 11316)
[2025-07-25 01:01:43] Reading index command (PID: 11316)
[2025-07-25 01:01:43] Initialized file_processed_lines to 123 on first call (PID: 11316)
[2025-07-25 01:03:41] Ctrl+C received in CLI mode (PID: 11316)
[2025-07-25 01:03:41] Ctrl+C detected in file mode (PID: 11316)
[2025-07-25 01:03:41] Exiting via Ctrl+C (PID: 11316)
[2025-07-27 21:49:38] Program started (PID: 16580)
[2025-07-27 21:49:38] Running in CLI and file mode (PID: 16580)
[2025-07-27 21:49:38] Initialized initial_file_processed_lines to 124 (PID: 16580)
[2025-07-27 21:49:38] Executing system command (PID: 16580)
[2025-07-27 21:49:38] Loaded +x modules (PID: 16586)
[2025-07-27 21:49:38] Wrote module list to output file (PID: 16586)
[2025-07-27 21:49:38] System command './+x/director.+x show' returned 0 (PID: 16580)
[2025-07-27 21:49:38] Opening action_output.txt (PID: 16580)
[2025-07-27 21:49:38] Closed action_output.txt (PID: 16580)
[2025-07-27 21:49:38] Reading index command (PID: 16580)
[2025-07-27 21:49:38] Initialized file_processed_lines to 124 on first call (PID: 16580)
[2025-07-27 21:49:48] Ctrl+C received in CLI mode (PID: 16580)
[2025-07-27 21:49:48] Ctrl+C detected in file mode (PID: 16580)
[2025-07-27 21:49:48] Exiting via Ctrl+C (PID: 16580)
[2025-07-27 21:50:55] Program started (PID: 16688)
[2025-07-27 21:50:55] Running in CLI and file mode (PID: 16688)
[2025-07-27 21:50:55] Initialized initial_file_processed_lines to 125 (PID: 16688)
[2025-07-27 21:50:55] Executing system command (PID: 16688)
[2025-07-27 21:50:55] Loaded +x modules (PID: 16691)
[2025-07-27 21:50:55] Wrote module list to output file (PID: 16691)
[2025-07-27 21:50:55] System command './+x/director.+x show' returned 0 (PID: 16688)
[2025-07-27 21:50:55] Opening action_output.txt (PID: 16688)
[2025-07-27 21:50:55] Closed action_output.txt (PID: 16688)
[2025-07-27 21:50:55] Reading index command (PID: 16688)
[2025-07-27 21:50:55] Initialized file_processed_lines to 125 on first call (PID: 16688)
[2025-07-27 21:50:59] Ctrl+C received in CLI mode (PID: 16688)
[2025-07-27 21:50:59] Ctrl+C detected in file mode (PID: 16688)
[2025-07-27 21:50:59] Exiting via Ctrl+C (PID: 16688)
[2025-07-27 21:51:16] Program started (PID: 16722)
[2025-07-27 21:51:16] Running in CLI and file mode (PID: 16722)
[2025-07-27 21:51:16] Initialized initial_file_processed_lines to 126 (PID: 16722)
[2025-07-27 21:51:16] Executing system command (PID: 16722)
[2025-07-27 21:51:16] Loaded +x modules (PID: 16727)
[2025-07-27 21:51:16] Wrote module list to output file (PID: 16727)
[2025-07-27 21:51:16] System command './+x/director.+x show' returned 0 (PID: 16722)
[2025-07-27 21:51:16] Opening action_output.txt (PID: 16722)
[2025-07-27 21:51:16] Closed action_output.txt (PID: 16722)
[2025-07-27 21:51:16] Reading index command (PID: 16722)
[2025-07-27 21:51:16] Initialized file_processed_lines to 126 on first call (PID: 16722)
[2025-07-27 21:51:18] Ctrl+C received in CLI mode (PID: 16722)
[2025-07-27 21:51:19] Ctrl+C detected in file mode (PID: 16722)
[2025-07-27 21:51:19] Exiting via Ctrl+C (PID: 16722)
[2025-07-27 21:54:11] Program started (PID: 16897)
[2025-07-27 21:54:11] Running in CLI and file mode (PID: 16897)
[2025-07-27 21:54:11] Initialized initial_file_processed_lines to 127 (PID: 16897)
[2025-07-27 21:54:11] Executing system command (PID: 16897)
[2025-07-27 21:54:11] Loaded +x modules (PID: 16904)
[2025-07-27 21:54:11] Wrote module list to output file (PID: 16904)
[2025-07-27 21:54:11] System command './+x/director.+x show' returned 0 (PID: 16897)
[2025-07-27 21:54:11] Opening action_output.txt (PID: 16897)
[2025-07-27 21:54:11] Closed action_output.txt (PID: 16897)
[2025-07-27 21:54:11] Reading index command (PID: 16897)
[2025-07-27 21:54:11] Initialized file_processed_lines to 127 on first call (PID: 16897)
[2025-07-27 21:54:22] Ctrl+C received in CLI mode (PID: 16897)
[2025-07-27 21:54:22] Ctrl+C detected in file mode (PID: 16897)
[2025-07-27 21:54:22] Exiting via Ctrl+C (PID: 16897)
[2025-07-27 21:54:27] Program started (PID: 16962)
[2025-07-27 21:54:27] Running in CLI and file mode (PID: 16962)
[2025-07-27 21:54:27] Initialized initial_file_processed_lines to 128 (PID: 16962)
[2025-07-27 21:54:28] Executing system command (PID: 16962)
[2025-07-27 21:54:28] Loaded +x modules (PID: 16967)
[2025-07-27 21:54:28] Wrote module list to output file (PID: 16967)
[2025-07-27 21:54:28] System command './+x/director.+x show' returned 0 (PID: 16962)
[2025-07-27 21:54:28] Opening action_output.txt (PID: 16962)
[2025-07-27 21:54:28] Closed action_output.txt (PID: 16962)
[2025-07-27 21:54:28] Reading index command (PID: 16962)
[2025-07-27 21:54:28] Initialized file_processed_lines to 128 on first call (PID: 16962)
[2025-07-27 21:54:34] Ctrl+C received in CLI mode (PID: 16962)
[2025-07-27 21:54:34] Ctrl+C detected in file mode (PID: 16962)
[2025-07-27 21:54:34] Exiting via Ctrl+C (PID: 16962)
[2025-07-27 21:55:37] Program started (PID: 17024)
[2025-07-27 21:55:37] Running in CLI and file mode (PID: 17024)
[2025-07-27 21:55:37] Initialized initial_file_processed_lines to 129 (PID: 17024)
[2025-07-27 21:55:37] Executing system command (PID: 17024)
[2025-07-27 21:55:37] Loaded +x modules (PID: 17031)
[2025-07-27 21:55:37] Wrote module list to output file (PID: 17031)
[2025-07-27 21:55:37] System command './+x/director.+x show' returned 0 (PID: 17024)
[2025-07-27 21:55:37] Opening action_output.txt (PID: 17024)
[2025-07-27 21:55:37] Closed action_output.txt (PID: 17024)
[2025-07-27 21:55:37] Reading index command (PID: 17024)
[2025-07-27 21:55:37] Initialized file_processed_lines to 129 on first call (PID: 17024)
[2025-07-27 21:55:40] Ctrl+C received in CLI mode (PID: 17024)
[2025-07-27 21:55:40] Ctrl+C detected in file mode (PID: 17024)
[2025-07-27 21:55:40] Exiting via Ctrl+C (PID: 17024)
